[2024-07-09T07:45:39.706+0000] {local_task_job_runner.py:120} INFO - ::group::Pre task execution logs
[2024-07-09T07:45:39.792+0000] {taskinstance.py:2076} INFO - Dependencies all met for dep_context=non-requeueable deps ti=<TaskInstance: dag_pipeline.Load manual__2024-07-09T07:44:22.167660+00:00 [queued]>
[2024-07-09T07:45:39.841+0000] {taskinstance.py:2076} INFO - Dependencies all met for dep_context=requeueable deps ti=<TaskInstance: dag_pipeline.Load manual__2024-07-09T07:44:22.167660+00:00 [queued]>
[2024-07-09T07:45:39.847+0000] {taskinstance.py:2306} INFO - Starting attempt 1 of 1
[2024-07-09T07:45:39.915+0000] {taskinstance.py:2330} INFO - Executing <Task(_PythonDecoratedOperator): Load> on 2024-07-09 07:44:22.167660+00:00
[2024-07-09T07:45:39.940+0000] {standard_task_runner.py:63} INFO - Started process 7517 to run task
[2024-07-09T07:45:39.952+0000] {standard_task_runner.py:90} INFO - Running: ['airflow', 'tasks', 'run', 'dag_pipeline', 'Load', 'manual__2024-07-09T07:44:22.167660+00:00', '--job-id', '19', '--raw', '--subdir', 'DAGS_FOLDER/dags.py', '--cfg-path', '/tmp/tmppnwq_soe']
[2024-07-09T07:45:39.954+0000] {standard_task_runner.py:91} INFO - Job 19: Subtask Load
[2024-07-09T07:45:40.352+0000] {task_command.py:426} INFO - Running <TaskInstance: dag_pipeline.Load manual__2024-07-09T07:44:22.167660+00:00 [running]> on host 0b120bf4a72c
[2024-07-09T07:45:40.979+0000] {taskinstance.py:2648} INFO - Exporting env vars: AIRFLOW_CTX_DAG_OWNER='airflow' AIRFLOW_CTX_DAG_ID='dag_pipeline' AIRFLOW_CTX_TASK_ID='Load' AIRFLOW_CTX_EXECUTION_DATE='2024-07-09T07:44:22.167660+00:00' AIRFLOW_CTX_TRY_NUMBER='1' AIRFLOW_CTX_DAG_RUN_ID='manual__2024-07-09T07:44:22.167660+00:00'
[2024-07-09T07:45:40.980+0000] {taskinstance.py:430} INFO - ::endgroup::
[2024-07-09T07:45:40.986+0000] {logging_mixin.py:188} INFO - DataFrame content:
[2024-07-09T07:45:40.991+0000] {logging_mixin.py:188} INFO -                                                  news sentiment        date
0  Iklan TEMPO.CO, Jakarta -PT Bank Negara Indone...  positive  2024-07-08
1  TEMPO.CO, Jakarta - PT Bank Negara Indonesia (...  positive  2024-07-08
2  Iklan TEMPO.CO, Jakarta - PT Bank Tabungan Neg...  negative  2024-07-08
3  Iklan TEMPO.CO, Jakarta - PT Bank Tabungan Neg...  positive  2024-07-08
4  Iklan TEMPO.CO, Jakarta - Dewan Perwakilan Rak...  positive  2024-07-08
[2024-07-09T07:45:41.063+0000] {logging_mixin.py:188} INFO - Data successfully loaded into news_sentiments table.
[2024-07-09T07:45:41.064+0000] {python.py:237} INFO - Done. Returned value was: None
[2024-07-09T07:45:41.065+0000] {taskinstance.py:441} INFO - ::group::Post task execution logs
[2024-07-09T07:45:41.141+0000] {taskinstance.py:1206} INFO - Marking task as SUCCESS. dag_id=dag_pipeline, task_id=Load, run_id=manual__2024-07-09T07:44:22.167660+00:00, execution_date=20240709T074422, start_date=20240709T074539, end_date=20240709T074541
[2024-07-09T07:45:41.211+0000] {local_task_job_runner.py:240} INFO - Task exited with return code 0
[2024-07-09T07:45:41.289+0000] {taskinstance.py:3503} INFO - 0 downstream tasks scheduled from follow-on schedule check
[2024-07-09T07:45:41.292+0000] {local_task_job_runner.py:222} INFO - ::endgroup::
