[2024-07-09T01:24:01.777+0000] {local_task_job_runner.py:120} INFO - ::group::Pre task execution logs
[2024-07-09T01:24:01.802+0000] {taskinstance.py:2076} INFO - Dependencies all met for dep_context=non-requeueable deps ti=<TaskInstance: dag_pipeline.Transformation scheduled__2024-07-08T00:00:00+00:00 [queued]>
[2024-07-09T01:24:01.813+0000] {taskinstance.py:2076} INFO - Dependencies all met for dep_context=requeueable deps ti=<TaskInstance: dag_pipeline.Transformation scheduled__2024-07-08T00:00:00+00:00 [queued]>
[2024-07-09T01:24:01.814+0000] {taskinstance.py:2306} INFO - Starting attempt 1 of 1
[2024-07-09T01:24:01.831+0000] {taskinstance.py:2330} INFO - Executing <Task(_PythonDecoratedOperator): Transformation> on 2024-07-08 00:00:00+00:00
[2024-07-09T01:24:01.856+0000] {standard_task_runner.py:63} INFO - Started process 3471 to run task
[2024-07-09T01:24:01.865+0000] {standard_task_runner.py:90} INFO - Running: ['***', 'tasks', 'run', 'dag_pipeline', 'Transformation', 'scheduled__2024-07-08T00:00:00+00:00', '--job-id', '82', '--raw', '--subdir', 'DAGS_FOLDER/dags.py', '--cfg-path', '/tmp/tmp0xowbc7h']
[2024-07-09T01:24:01.870+0000] {standard_task_runner.py:91} INFO - Job 82: Subtask Transformation
[2024-07-09T01:24:02.058+0000] {task_command.py:426} INFO - Running <TaskInstance: dag_pipeline.Transformation scheduled__2024-07-08T00:00:00+00:00 [running]> on host 338dcb453384
[2024-07-09T01:24:02.353+0000] {taskinstance.py:2648} INFO - Exporting env vars: AIRFLOW_CTX_DAG_OWNER='***' AIRFLOW_CTX_DAG_ID='dag_pipeline' AIRFLOW_CTX_TASK_ID='Transformation' AIRFLOW_CTX_EXECUTION_DATE='2024-07-08T00:00:00+00:00' AIRFLOW_CTX_TRY_NUMBER='1' AIRFLOW_CTX_DAG_RUN_ID='scheduled__2024-07-08T00:00:00+00:00'
[2024-07-09T01:24:02.356+0000] {taskinstance.py:430} INFO - ::endgroup::
[2024-07-09T01:24:14.441+0000] {python.py:237} INFO - Done. Returned value was:                                                 news sentiment
0  BNI Tokyo general manager Yudhi Zufrial (left)...  positive
1  P T Bank Negara Indonesia (Persero) Tbk. conti...  positive
2  (Left-to-Right) PLN president director Darmawa...  positive
3  (Left to right) BNI international division vic...  positive
4  BNI Hong Kong general manager Endah Tjahyani (...  positive
5  Posing with the newly designed card, (left to ...  positive
6  BNI prepared an initial assistance distributio...  negative
7  BNI corporate banking 1 head I Made Sukajaya (...  positive
[2024-07-09T01:24:14.451+0000] {taskinstance.py:441} INFO - ::group::Post task execution logs
[2024-07-09T01:24:14.499+0000] {taskinstance.py:1206} INFO - Marking task as SUCCESS. dag_id=dag_pipeline, task_id=Transformation, run_id=scheduled__2024-07-08T00:00:00+00:00, execution_date=20240708T000000, start_date=20240709T012401, end_date=20240709T012414
[2024-07-09T01:24:14.569+0000] {local_task_job_runner.py:240} INFO - Task exited with return code 0
[2024-07-09T01:24:14.606+0000] {taskinstance.py:3503} INFO - 1 downstream tasks scheduled from follow-on schedule check
[2024-07-09T01:24:14.610+0000] {local_task_job_runner.py:222} INFO - ::endgroup::
[2024-07-09T01:35:56.723+0000] {local_task_job_runner.py:120} INFO - ::group::Pre task execution logs
[2024-07-09T01:35:56.828+0000] {taskinstance.py:2076} INFO - Dependencies all met for dep_context=non-requeueable deps ti=<TaskInstance: dag_pipeline.Transformation scheduled__2024-07-08T00:00:00+00:00 [queued]>
[2024-07-09T01:35:56.856+0000] {taskinstance.py:2076} INFO - Dependencies all met for dep_context=requeueable deps ti=<TaskInstance: dag_pipeline.Transformation scheduled__2024-07-08T00:00:00+00:00 [queued]>
[2024-07-09T01:35:56.857+0000] {taskinstance.py:2306} INFO - Starting attempt 1 of 1
[2024-07-09T01:35:56.890+0000] {taskinstance.py:2330} INFO - Executing <Task(_PythonDecoratedOperator): Transformation> on 2024-07-08 00:00:00+00:00
[2024-07-09T01:35:56.925+0000] {standard_task_runner.py:63} INFO - Started process 109 to run task
[2024-07-09T01:35:56.981+0000] {standard_task_runner.py:90} INFO - Running: ['airflow', 'tasks', 'run', 'dag_pipeline', 'Transformation', 'scheduled__2024-07-08T00:00:00+00:00', '--job-id', '6', '--raw', '--subdir', 'DAGS_FOLDER/dags.py', '--cfg-path', '/tmp/tmp9bgsq5uv']
[2024-07-09T01:35:56.984+0000] {standard_task_runner.py:91} INFO - Job 6: Subtask Transformation
[2024-07-09T01:35:57.418+0000] {task_command.py:426} INFO - Running <TaskInstance: dag_pipeline.Transformation scheduled__2024-07-08T00:00:00+00:00 [running]> on host 2a22a675a9f6
[2024-07-09T01:35:58.123+0000] {taskinstance.py:2648} INFO - Exporting env vars: AIRFLOW_CTX_DAG_OWNER='airflow' AIRFLOW_CTX_DAG_ID='dag_pipeline' AIRFLOW_CTX_TASK_ID='Transformation' AIRFLOW_CTX_EXECUTION_DATE='2024-07-08T00:00:00+00:00' AIRFLOW_CTX_TRY_NUMBER='1' AIRFLOW_CTX_DAG_RUN_ID='scheduled__2024-07-08T00:00:00+00:00'
[2024-07-09T01:35:58.125+0000] {taskinstance.py:430} INFO - ::endgroup::
[2024-07-09T01:36:54.033+0000] {python.py:237} INFO - Done. Returned value was:                                                 news sentiment
0  BNI Tokyo general manager Yudhi Zufrial (left)...  positive
1  P T Bank Negara Indonesia (Persero) Tbk. conti...  positive
2  (Left-to-Right) PLN president director Darmawa...  positive
3  (Left to right) BNI international division vic...  positive
4  BNI Hong Kong general manager Endah Tjahyani (...  positive
5  Posing with the newly designed card, (left to ...  positive
6  BNI prepared an initial assistance distributio...  negative
7  BNI corporate banking 1 head I Made Sukajaya (...  positive
[2024-07-09T01:36:54.048+0000] {taskinstance.py:441} INFO - ::group::Post task execution logs
[2024-07-09T01:36:54.241+0000] {taskinstance.py:1206} INFO - Marking task as SUCCESS. dag_id=dag_pipeline, task_id=Transformation, run_id=scheduled__2024-07-08T00:00:00+00:00, execution_date=20240708T000000, start_date=20240709T013556, end_date=20240709T013654
[2024-07-09T01:36:54.415+0000] {local_task_job_runner.py:240} INFO - Task exited with return code 0
[2024-07-09T01:36:54.509+0000] {taskinstance.py:3503} INFO - 1 downstream tasks scheduled from follow-on schedule check
[2024-07-09T01:36:54.518+0000] {local_task_job_runner.py:222} INFO - ::endgroup::
