[2024-07-08T10:00:23.782+0000] {local_task_job_runner.py:120} INFO - ::group::Pre task execution logs
[2024-07-08T10:00:23.823+0000] {taskinstance.py:2076} INFO - Dependencies all met for dep_context=non-requeueable deps ti=<TaskInstance: dag_pipeline.Transformation manual__2024-07-08T09:59:20.491426+00:00 [queued]>
[2024-07-08T10:00:23.838+0000] {taskinstance.py:2076} INFO - Dependencies all met for dep_context=requeueable deps ti=<TaskInstance: dag_pipeline.Transformation manual__2024-07-08T09:59:20.491426+00:00 [queued]>
[2024-07-08T10:00:23.839+0000] {taskinstance.py:2306} INFO - Starting attempt 1 of 1
[2024-07-08T10:00:23.860+0000] {taskinstance.py:2330} INFO - Executing <Task(_PythonDecoratedOperator): Transformation> on 2024-07-08 09:59:20.491426+00:00
[2024-07-08T10:00:23.873+0000] {standard_task_runner.py:63} INFO - Started process 1607 to run task
[2024-07-08T10:00:23.877+0000] {standard_task_runner.py:90} INFO - Running: ['***', 'tasks', 'run', 'dag_pipeline', 'Transformation', 'manual__2024-07-08T09:59:20.491426+00:00', '--job-id', '73', '--raw', '--subdir', 'DAGS_FOLDER/dags.py', '--cfg-path', '/tmp/tmp3f9cfssp']
[2024-07-08T10:00:23.878+0000] {standard_task_runner.py:91} INFO - Job 73: Subtask Transformation
[2024-07-08T10:00:23.943+0000] {task_command.py:426} INFO - Running <TaskInstance: dag_pipeline.Transformation manual__2024-07-08T09:59:20.491426+00:00 [running]> on host 338dcb453384
[2024-07-08T10:00:24.181+0000] {taskinstance.py:2648} INFO - Exporting env vars: AIRFLOW_CTX_DAG_OWNER='***' AIRFLOW_CTX_DAG_ID='dag_pipeline' AIRFLOW_CTX_TASK_ID='Transformation' AIRFLOW_CTX_EXECUTION_DATE='2024-07-08T09:59:20.491426+00:00' AIRFLOW_CTX_TRY_NUMBER='1' AIRFLOW_CTX_DAG_RUN_ID='manual__2024-07-08T09:59:20.491426+00:00'
[2024-07-08T10:00:24.183+0000] {taskinstance.py:430} INFO - ::endgroup::
[2024-07-08T10:01:02.175+0000] {python.py:237} INFO - Done. Returned value was:                                                 news sentiment
0  BNI Tokyo general manager Yudhi Zufrial (left)...  positive
1  P T Bank Negara Indonesia (Persero) Tbk. conti...  positive
2  (Left-to-Right) PLN president director Darmawa...  positive
3  (Left to right) BNI international division vic...  positive
4  BNI Hong Kong general manager Endah Tjahyani (...  positive
5  Posing with the newly designed card, (left to ...  positive
6  BNI prepared an initial assistance distributio...  negative
7  BNI corporate banking 1 head I Made Sukajaya (...  positive
[2024-07-08T10:01:02.195+0000] {taskinstance.py:441} INFO - ::group::Post task execution logs
[2024-07-08T10:01:02.287+0000] {taskinstance.py:1206} INFO - Marking task as SUCCESS. dag_id=dag_pipeline, task_id=Transformation, run_id=manual__2024-07-08T09:59:20.491426+00:00, execution_date=20240708T095920, start_date=20240708T100023, end_date=20240708T100102
[2024-07-08T10:01:02.432+0000] {local_task_job_runner.py:240} INFO - Task exited with return code 0
[2024-07-08T10:01:02.475+0000] {taskinstance.py:3503} INFO - 0 downstream tasks scheduled from follow-on schedule check
[2024-07-08T10:01:02.484+0000] {local_task_job_runner.py:222} INFO - ::endgroup::
