[2024-07-08T10:07:50.401+0000] {local_task_job_runner.py:120} INFO - ::group::Pre task execution logs
[2024-07-08T10:07:50.427+0000] {taskinstance.py:2076} INFO - Dependencies all met for dep_context=non-requeueable deps ti=<TaskInstance: dag_pipeline.Transformation manual__2024-07-08T10:07:36.862868+00:00 [queued]>
[2024-07-08T10:07:50.436+0000] {taskinstance.py:2076} INFO - Dependencies all met for dep_context=requeueable deps ti=<TaskInstance: dag_pipeline.Transformation manual__2024-07-08T10:07:36.862868+00:00 [queued]>
[2024-07-08T10:07:50.437+0000] {taskinstance.py:2306} INFO - Starting attempt 1 of 1
[2024-07-08T10:07:50.453+0000] {taskinstance.py:2330} INFO - Executing <Task(_PythonDecoratedOperator): Transformation> on 2024-07-08 10:07:36.862868+00:00
[2024-07-08T10:07:50.464+0000] {standard_task_runner.py:63} INFO - Started process 1821 to run task
[2024-07-08T10:07:50.467+0000] {standard_task_runner.py:90} INFO - Running: ['***', 'tasks', 'run', 'dag_pipeline', 'Transformation', 'manual__2024-07-08T10:07:36.862868+00:00', '--job-id', '76', '--raw', '--subdir', 'DAGS_FOLDER/dags.py', '--cfg-path', '/tmp/tmp1lydliyu']
[2024-07-08T10:07:50.468+0000] {standard_task_runner.py:91} INFO - Job 76: Subtask Transformation
[2024-07-08T10:07:50.518+0000] {task_command.py:426} INFO - Running <TaskInstance: dag_pipeline.Transformation manual__2024-07-08T10:07:36.862868+00:00 [running]> on host 338dcb453384
[2024-07-08T10:07:50.652+0000] {taskinstance.py:2648} INFO - Exporting env vars: AIRFLOW_CTX_DAG_OWNER='***' AIRFLOW_CTX_DAG_ID='dag_pipeline' AIRFLOW_CTX_TASK_ID='Transformation' AIRFLOW_CTX_EXECUTION_DATE='2024-07-08T10:07:36.862868+00:00' AIRFLOW_CTX_TRY_NUMBER='1' AIRFLOW_CTX_DAG_RUN_ID='manual__2024-07-08T10:07:36.862868+00:00'
[2024-07-08T10:07:50.654+0000] {taskinstance.py:430} INFO - ::endgroup::
[2024-07-08T10:07:56.762+0000] {python.py:237} INFO - Done. Returned value was:                                                 news sentiment
0  BNI Tokyo general manager Yudhi Zufrial (left)...  positive
1  P T Bank Negara Indonesia (Persero) Tbk. conti...  positive
2  (Left-to-Right) PLN president director Darmawa...  positive
3  (Left to right) BNI international division vic...  positive
4  BNI Hong Kong general manager Endah Tjahyani (...  positive
5  Posing with the newly designed card, (left to ...  positive
6  BNI prepared an initial assistance distributio...  negative
7  BNI corporate banking 1 head I Made Sukajaya (...  positive
[2024-07-08T10:07:56.769+0000] {taskinstance.py:441} INFO - ::group::Post task execution logs
[2024-07-08T10:07:56.809+0000] {taskinstance.py:1206} INFO - Marking task as SUCCESS. dag_id=dag_pipeline, task_id=Transformation, run_id=manual__2024-07-08T10:07:36.862868+00:00, execution_date=20240708T100736, start_date=20240708T100750, end_date=20240708T100756
[2024-07-08T10:07:56.885+0000] {local_task_job_runner.py:240} INFO - Task exited with return code 0
[2024-07-08T10:07:56.905+0000] {taskinstance.py:3503} INFO - 1 downstream tasks scheduled from follow-on schedule check
[2024-07-08T10:07:56.909+0000] {local_task_job_runner.py:222} INFO - ::endgroup::
