[2024-07-09T02:33:23.930+0000] {local_task_job_runner.py:120} INFO - ::group::Pre task execution logs
[2024-07-09T02:33:23.952+0000] {taskinstance.py:2076} INFO - Dependencies all met for dep_context=non-requeueable deps ti=<TaskInstance: dag_pipeline.Transformation manual__2024-07-09T02:33:11.607906+00:00 [queued]>
[2024-07-09T02:33:23.963+0000] {taskinstance.py:2076} INFO - Dependencies all met for dep_context=requeueable deps ti=<TaskInstance: dag_pipeline.Transformation manual__2024-07-09T02:33:11.607906+00:00 [queued]>
[2024-07-09T02:33:23.964+0000] {taskinstance.py:2306} INFO - Starting attempt 1 of 1
[2024-07-09T02:33:23.981+0000] {taskinstance.py:2330} INFO - Executing <Task(_PythonDecoratedOperator): Transformation> on 2024-07-09 02:33:11.607906+00:00
[2024-07-09T02:33:24.002+0000] {standard_task_runner.py:63} INFO - Started process 952 to run task
[2024-07-09T02:33:24.008+0000] {standard_task_runner.py:90} INFO - Running: ['***', 'tasks', 'run', 'dag_pipeline', 'Transformation', 'manual__2024-07-09T02:33:11.607906+00:00', '--job-id', '90', '--raw', '--subdir', 'DAGS_FOLDER/dags.py', '--cfg-path', '/tmp/tmpqmjtphbf']
[2024-07-09T02:33:24.010+0000] {standard_task_runner.py:91} INFO - Job 90: Subtask Transformation
[2024-07-09T02:33:24.071+0000] {task_command.py:426} INFO - Running <TaskInstance: dag_pipeline.Transformation manual__2024-07-09T02:33:11.607906+00:00 [running]> on host 38384801b775
[2024-07-09T02:33:24.230+0000] {taskinstance.py:2648} INFO - Exporting env vars: AIRFLOW_CTX_DAG_OWNER='***' AIRFLOW_CTX_DAG_ID='dag_pipeline' AIRFLOW_CTX_TASK_ID='Transformation' AIRFLOW_CTX_EXECUTION_DATE='2024-07-09T02:33:11.607906+00:00' AIRFLOW_CTX_TRY_NUMBER='1' AIRFLOW_CTX_DAG_RUN_ID='manual__2024-07-09T02:33:11.607906+00:00'
[2024-07-09T02:33:24.231+0000] {taskinstance.py:430} INFO - ::endgroup::
[2024-07-09T02:33:33.939+0000] {python.py:237} INFO - Done. Returned value was:                                                 news sentiment
0  BNI Tokyo general manager Yudhi Zufrial (left)...  positive
1  P T Bank Negara Indonesia (Persero) Tbk. conti...  positive
2  (Left-to-Right) PLN president director Darmawa...  positive
3  (Left to right) BNI international division vic...  positive
4  BNI Hong Kong general manager Endah Tjahyani (...  positive
5  Posing with the newly designed card, (left to ...  positive
6  BNI prepared an initial assistance distributio...  negative
7  BNI corporate banking 1 head I Made Sukajaya (...  positive
[2024-07-09T02:33:33.946+0000] {taskinstance.py:441} INFO - ::group::Post task execution logs
[2024-07-09T02:33:33.976+0000] {taskinstance.py:1206} INFO - Marking task as SUCCESS. dag_id=dag_pipeline, task_id=Transformation, run_id=manual__2024-07-09T02:33:11.607906+00:00, execution_date=20240709T023311, start_date=20240709T023323, end_date=20240709T023333
[2024-07-09T02:33:34.028+0000] {local_task_job_runner.py:240} INFO - Task exited with return code 0
[2024-07-09T02:33:34.052+0000] {taskinstance.py:3503} INFO - 1 downstream tasks scheduled from follow-on schedule check
[2024-07-09T02:33:34.058+0000] {local_task_job_runner.py:222} INFO - ::endgroup::
