[2024-07-09T01:35:41.086+0000] {local_task_job_runner.py:120} INFO - ::group::Pre task execution logs
[2024-07-09T01:35:41.177+0000] {taskinstance.py:2076} INFO - Dependencies all met for dep_context=non-requeueable deps ti=<TaskInstance: dag_pipeline.Extraction manual__2024-07-09T01:35:33.112151+00:00 [queued]>
[2024-07-09T01:35:41.193+0000] {taskinstance.py:2076} INFO - Dependencies all met for dep_context=requeueable deps ti=<TaskInstance: dag_pipeline.Extraction manual__2024-07-09T01:35:33.112151+00:00 [queued]>
[2024-07-09T01:35:41.194+0000] {taskinstance.py:2306} INFO - Starting attempt 1 of 1
[2024-07-09T01:35:41.219+0000] {taskinstance.py:2330} INFO - Executing <Task(_PythonDecoratedOperator): Extraction> on 2024-07-09 01:35:33.112151+00:00
[2024-07-09T01:35:41.230+0000] {standard_task_runner.py:63} INFO - Started process 103 to run task
[2024-07-09T01:35:41.235+0000] {standard_task_runner.py:90} INFO - Running: ['airflow', 'tasks', 'run', 'dag_pipeline', 'Extraction', 'manual__2024-07-09T01:35:33.112151+00:00', '--job-id', '4', '--raw', '--subdir', 'DAGS_FOLDER/dags.py', '--cfg-path', '/tmp/tmpnjt6agav']
[2024-07-09T01:35:41.236+0000] {standard_task_runner.py:91} INFO - Job 4: Subtask Extraction
[2024-07-09T01:35:41.449+0000] {task_command.py:426} INFO - Running <TaskInstance: dag_pipeline.Extraction manual__2024-07-09T01:35:33.112151+00:00 [running]> on host 2a22a675a9f6
[2024-07-09T01:35:41.904+0000] {taskinstance.py:2648} INFO - Exporting env vars: AIRFLOW_CTX_DAG_OWNER='airflow' AIRFLOW_CTX_DAG_ID='dag_pipeline' AIRFLOW_CTX_TASK_ID='Extraction' AIRFLOW_CTX_EXECUTION_DATE='2024-07-09T01:35:33.112151+00:00' AIRFLOW_CTX_TRY_NUMBER='1' AIRFLOW_CTX_DAG_RUN_ID='manual__2024-07-09T01:35:33.112151+00:00'
[2024-07-09T01:35:41.906+0000] {taskinstance.py:430} INFO - ::endgroup::
[2024-07-09T01:35:41.907+0000] {extract.py:63} INFO - Starting news extraction process
[2024-07-09T01:35:43.424+0000] {extract.py:144} INFO - Successfully extracted article from http://www.thejakartapost.com/adv/2022/10/26/bni-tokyo-boosts-indonesian-diaspora-loans.html
[2024-07-09T01:35:44.172+0000] {extract.py:144} INFO - Successfully extracted article from http://www.thejakartapost.com/adv/2022/11/19/bni-pioneers-green-banking-to-encourage-sustainable-business.html
[2024-07-09T01:35:44.991+0000] {extract.py:144} INFO - Successfully extracted article from http://www.thejakartapost.com/adv/2022/10/27/bni-collaborates-with-pln-to-promote-millennials-home-ownership.html
[2024-07-09T01:35:45.718+0000] {extract.py:144} INFO - Successfully extracted article from http://www.thejakartapost.com/adv/2022/09/09/bni-wins-four-awards-at-alpha-southeast-asia.html
[2024-07-09T01:35:46.301+0000] {extract.py:144} INFO - Successfully extracted article from http://www.thejakartapost.com/adv/2022/08/11/bni-spices-up-hong-kong-market-at-food-expo-2022.html
[2024-07-09T01:35:46.898+0000] {extract.py:144} INFO - Successfully extracted article from http://www.thejakartapost.com/adv/2022/11/23/as-a-response-to-disaster-bni-and-bumn-collaborated-to-help-cianjur-residents.html
[2024-07-09T01:35:47.528+0000] {extract.py:144} INFO - Successfully extracted article from http://www.thejakartapost.com/adv/2022/10/21/bni-targets-gen-z-and-millennials-with-bni-american-express-vibes-credit-card.html
[2024-07-09T01:35:48.132+0000] {extract.py:144} INFO - Successfully extracted article from http://www.thejakartapost.com/adv/2022/08/01/bni-channels-sustainability-linked-loans-worth-rp-1-42-trillion-with-japfa.html
[2024-07-09T01:35:48.849+0000] {extract.py:144} INFO - Successfully extracted article from http://www.thejakartapost.com/adv/2022/05/30/bni-expands-international-business-signs-mou-with-kb-kookmin-bank.html
[2024-07-09T01:35:48.864+0000] {extract.py:151} INFO - News extraction process completed
[2024-07-09T01:35:48.866+0000] {python.py:237} INFO - Done. Returned value was:                                                 news
0  BNI Tokyo general manager Yudhi Zufrial (left)...
1  P T Bank Negara Indonesia (Persero) Tbk. conti...
2  (Left-to-Right) PLN president director Darmawa...
3  (Left to right) BNI international division vic...
4  BNI Hong Kong general manager Endah Tjahyani (...
5  BNI prepared an initial assistance distributio...
6  Posing with the newly designed card, (left to ...
7  BNI corporate banking 1 head I Made Sukajaya (...
8  BNI Treasury and International Director Henry ...
[2024-07-09T01:35:48.913+0000] {taskinstance.py:441} INFO - ::group::Post task execution logs
[2024-07-09T01:35:50.403+0000] {taskinstance.py:1206} INFO - Marking task as SUCCESS. dag_id=dag_pipeline, task_id=Extraction, run_id=manual__2024-07-09T01:35:33.112151+00:00, execution_date=20240709T013533, start_date=20240709T013541, end_date=20240709T013550
[2024-07-09T01:35:50.465+0000] {local_task_job_runner.py:240} INFO - Task exited with return code 0
[2024-07-09T01:35:50.565+0000] {taskinstance.py:3503} INFO - 1 downstream tasks scheduled from follow-on schedule check
[2024-07-09T01:35:50.571+0000] {local_task_job_runner.py:222} INFO - ::endgroup::
