[2024-07-09T02:00:59.917+0000] {local_task_job_runner.py:120} INFO - ::group::Pre task execution logs
[2024-07-09T02:00:59.942+0000] {taskinstance.py:2076} INFO - Dependencies all met for dep_context=non-requeueable deps ti=<TaskInstance: dag_pipeline.Load manual__2024-07-09T02:00:27.980880+00:00 [queued]>
[2024-07-09T02:00:59.952+0000] {taskinstance.py:2076} INFO - Dependencies all met for dep_context=requeueable deps ti=<TaskInstance: dag_pipeline.Load manual__2024-07-09T02:00:27.980880+00:00 [queued]>
[2024-07-09T02:00:59.953+0000] {taskinstance.py:2306} INFO - Starting attempt 1 of 1
[2024-07-09T02:00:59.970+0000] {taskinstance.py:2330} INFO - Executing <Task(_PythonDecoratedOperator): Load> on 2024-07-09 02:00:27.980880+00:00
[2024-07-09T02:00:59.982+0000] {standard_task_runner.py:63} INFO - Started process 140 to run task
[2024-07-09T02:00:59.985+0000] {standard_task_runner.py:90} INFO - Running: ['***', 'tasks', 'run', 'dag_pipeline', 'Load', 'manual__2024-07-09T02:00:27.980880+00:00', '--job-id', '88', '--raw', '--subdir', 'DAGS_FOLDER/dags.py', '--cfg-path', '/tmp/tmp1037ja4g']
[2024-07-09T02:00:59.987+0000] {standard_task_runner.py:91} INFO - Job 88: Subtask Load
[2024-07-09T02:01:00.064+0000] {task_command.py:426} INFO - Running <TaskInstance: dag_pipeline.Load manual__2024-07-09T02:00:27.980880+00:00 [running]> on host 38384801b775
[2024-07-09T02:01:00.295+0000] {taskinstance.py:2648} INFO - Exporting env vars: AIRFLOW_CTX_DAG_OWNER='***' AIRFLOW_CTX_DAG_ID='dag_pipeline' AIRFLOW_CTX_TASK_ID='Load' AIRFLOW_CTX_EXECUTION_DATE='2024-07-09T02:00:27.980880+00:00' AIRFLOW_CTX_TRY_NUMBER='1' AIRFLOW_CTX_DAG_RUN_ID='manual__2024-07-09T02:00:27.980880+00:00'
[2024-07-09T02:01:00.297+0000] {taskinstance.py:430} INFO - ::endgroup::
[2024-07-09T02:01:00.299+0000] {logging_mixin.py:188} INFO - DataFrame content:
[2024-07-09T02:01:00.315+0000] {logging_mixin.py:188} INFO -                                                  news  ...                       date
0  BNI Tokyo general manager Yudhi Zufrial (left)...  ... 2024-07-09 02:01:00.298360
1  P T Bank Negara Indonesia (Persero) Tbk. conti...  ... 2024-07-09 02:01:00.298360
2  (Left-to-Right) PLN president director Darmawa...  ... 2024-07-09 02:01:00.298360
3  (Left to right) BNI international division vic...  ... 2024-07-09 02:01:00.298360
4  BNI Hong Kong general manager Endah Tjahyani (...  ... 2024-07-09 02:01:00.298360
5  Posing with the newly designed card, (left to ...  ... 2024-07-09 02:01:00.298360
6  BNI prepared an initial assistance distributio...  ... 2024-07-09 02:01:00.298360
7  BNI corporate banking 1 head I Made Sukajaya (...  ... 2024-07-09 02:01:00.298360

[8 rows x 3 columns]
[2024-07-09T02:01:00.316+0000] {logging_mixin.py:188} INFO - An error occurred: connection to server at "localhost" (::1), port 5432 failed: Connection refused
	Is the server running on that host and accepting TCP/IP connections?
connection to server at "localhost" (127.0.0.1), port 5432 failed: Connection refused
	Is the server running on that host and accepting TCP/IP connections?
[2024-07-09T02:01:00.317+0000] {python.py:237} INFO - Done. Returned value was: None
[2024-07-09T02:01:00.318+0000] {taskinstance.py:441} INFO - ::group::Post task execution logs
[2024-07-09T02:01:00.331+0000] {taskinstance.py:1206} INFO - Marking task as SUCCESS. dag_id=dag_pipeline, task_id=Load, run_id=manual__2024-07-09T02:00:27.980880+00:00, execution_date=20240709T020027, start_date=20240709T020059, end_date=20240709T020100
[2024-07-09T02:01:00.400+0000] {local_task_job_runner.py:240} INFO - Task exited with return code 0
[2024-07-09T02:01:00.421+0000] {taskinstance.py:3503} INFO - 0 downstream tasks scheduled from follow-on schedule check
[2024-07-09T02:01:00.424+0000] {local_task_job_runner.py:222} INFO - ::endgroup::
