[2024-07-09T02:48:05.698+0000] {local_task_job_runner.py:120} INFO - ::group::Pre task execution logs
[2024-07-09T02:48:05.782+0000] {taskinstance.py:2076} INFO - Dependencies all met for dep_context=non-requeueable deps ti=<TaskInstance: dag_pipeline.Load manual__2024-07-09T02:47:25.413464+00:00 [queued]>
[2024-07-09T02:48:05.799+0000] {taskinstance.py:2076} INFO - Dependencies all met for dep_context=requeueable deps ti=<TaskInstance: dag_pipeline.Load manual__2024-07-09T02:47:25.413464+00:00 [queued]>
[2024-07-09T02:48:05.800+0000] {taskinstance.py:2306} INFO - Starting attempt 1 of 1
[2024-07-09T02:48:05.830+0000] {taskinstance.py:2330} INFO - Executing <Task(_PythonDecoratedOperator): Load> on 2024-07-09 02:47:25.413464+00:00
[2024-07-09T02:48:05.847+0000] {standard_task_runner.py:63} INFO - Started process 139 to run task
[2024-07-09T02:48:05.851+0000] {standard_task_runner.py:90} INFO - Running: ['airflow', 'tasks', 'run', 'dag_pipeline', 'Load', 'manual__2024-07-09T02:47:25.413464+00:00', '--job-id', '16', '--raw', '--subdir', 'DAGS_FOLDER/dags.py', '--cfg-path', '/tmp/tmpk070ik2q']
[2024-07-09T02:48:05.853+0000] {standard_task_runner.py:91} INFO - Job 16: Subtask Load
[2024-07-09T02:48:06.075+0000] {task_command.py:426} INFO - Running <TaskInstance: dag_pipeline.Load manual__2024-07-09T02:47:25.413464+00:00 [running]> on host 0b120bf4a72c
[2024-07-09T02:48:06.563+0000] {taskinstance.py:2648} INFO - Exporting env vars: AIRFLOW_CTX_DAG_OWNER='airflow' AIRFLOW_CTX_DAG_ID='dag_pipeline' AIRFLOW_CTX_TASK_ID='Load' AIRFLOW_CTX_EXECUTION_DATE='2024-07-09T02:47:25.413464+00:00' AIRFLOW_CTX_TRY_NUMBER='1' AIRFLOW_CTX_DAG_RUN_ID='manual__2024-07-09T02:47:25.413464+00:00'
[2024-07-09T02:48:06.564+0000] {taskinstance.py:430} INFO - ::endgroup::
[2024-07-09T02:48:06.568+0000] {logging_mixin.py:188} INFO - DataFrame content:
[2024-07-09T02:48:06.579+0000] {logging_mixin.py:188} INFO -                                                  news  ...                       date
0  BNI Tokyo general manager Yudhi Zufrial (left)...  ... 2024-07-09 02:48:06.565958
1  P T Bank Negara Indonesia (Persero) Tbk. conti...  ... 2024-07-09 02:48:06.565958
2  (Left-to-Right) PLN president director Darmawa...  ... 2024-07-09 02:48:06.565958
3  (Left to right) BNI international division vic...  ... 2024-07-09 02:48:06.565958
4  BNI Hong Kong general manager Endah Tjahyani (...  ... 2024-07-09 02:48:06.565958
5  Posing with the newly designed card, (left to ...  ... 2024-07-09 02:48:06.565958
6  BNI prepared an initial assistance distributio...  ... 2024-07-09 02:48:06.565958
7  BNI corporate banking 1 head I Made Sukajaya (...  ... 2024-07-09 02:48:06.565958

[8 rows x 3 columns]
[2024-07-09T02:48:06.642+0000] {logging_mixin.py:188} INFO - Data successfully loaded into news_sentiments table.
[2024-07-09T02:48:06.643+0000] {python.py:237} INFO - Done. Returned value was: None
[2024-07-09T02:48:06.644+0000] {taskinstance.py:441} INFO - ::group::Post task execution logs
[2024-07-09T02:48:06.693+0000] {taskinstance.py:1206} INFO - Marking task as SUCCESS. dag_id=dag_pipeline, task_id=Load, run_id=manual__2024-07-09T02:47:25.413464+00:00, execution_date=20240709T024725, start_date=20240709T024805, end_date=20240709T024806
[2024-07-09T02:48:06.747+0000] {local_task_job_runner.py:240} INFO - Task exited with return code 0
[2024-07-09T02:48:06.806+0000] {taskinstance.py:3503} INFO - 0 downstream tasks scheduled from follow-on schedule check
[2024-07-09T02:48:06.809+0000] {local_task_job_runner.py:222} INFO - ::endgroup::
