[2024-07-09T01:35:56.625+0000] {local_task_job_runner.py:120} INFO - ::group::Pre task execution logs
[2024-07-09T01:35:56.737+0000] {taskinstance.py:2076} INFO - Dependencies all met for dep_context=non-requeueable deps ti=<TaskInstance: dag_pipeline.Transformation manual__2024-07-09T01:35:33.112151+00:00 [queued]>
[2024-07-09T01:35:56.760+0000] {taskinstance.py:2076} INFO - Dependencies all met for dep_context=requeueable deps ti=<TaskInstance: dag_pipeline.Transformation manual__2024-07-09T01:35:33.112151+00:00 [queued]>
[2024-07-09T01:35:56.762+0000] {taskinstance.py:2306} INFO - Starting attempt 1 of 1
[2024-07-09T01:35:56.805+0000] {taskinstance.py:2330} INFO - Executing <Task(_PythonDecoratedOperator): Transformation> on 2024-07-09 01:35:33.112151+00:00
[2024-07-09T01:35:56.826+0000] {standard_task_runner.py:63} INFO - Started process 108 to run task
[2024-07-09T01:35:56.829+0000] {standard_task_runner.py:90} INFO - Running: ['airflow', 'tasks', 'run', 'dag_pipeline', 'Transformation', 'manual__2024-07-09T01:35:33.112151+00:00', '--job-id', '5', '--raw', '--subdir', 'DAGS_FOLDER/dags.py', '--cfg-path', '/tmp/tmp2ljydbnp']
[2024-07-09T01:35:56.831+0000] {standard_task_runner.py:91} INFO - Job 5: Subtask Transformation
[2024-07-09T01:35:57.305+0000] {task_command.py:426} INFO - Running <TaskInstance: dag_pipeline.Transformation manual__2024-07-09T01:35:33.112151+00:00 [running]> on host 2a22a675a9f6
[2024-07-09T01:35:58.112+0000] {taskinstance.py:2648} INFO - Exporting env vars: AIRFLOW_CTX_DAG_OWNER='airflow' AIRFLOW_CTX_DAG_ID='dag_pipeline' AIRFLOW_CTX_TASK_ID='Transformation' AIRFLOW_CTX_EXECUTION_DATE='2024-07-09T01:35:33.112151+00:00' AIRFLOW_CTX_TRY_NUMBER='1' AIRFLOW_CTX_DAG_RUN_ID='manual__2024-07-09T01:35:33.112151+00:00'
[2024-07-09T01:35:58.114+0000] {taskinstance.py:430} INFO - ::endgroup::
[2024-07-09T01:36:55.315+0000] {python.py:237} INFO - Done. Returned value was:                                                 news sentiment
0  BNI Tokyo general manager Yudhi Zufrial (left)...  positive
1  P T Bank Negara Indonesia (Persero) Tbk. conti...  positive
2  (Left-to-Right) PLN president director Darmawa...  positive
3  (Left to right) BNI international division vic...  positive
4  BNI Hong Kong general manager Endah Tjahyani (...  positive
5  BNI prepared an initial assistance distributio...  negative
6  Posing with the newly designed card, (left to ...  positive
7  BNI corporate banking 1 head I Made Sukajaya (...  positive
8  BNI Treasury and International Director Henry ...  positive
[2024-07-09T01:36:55.328+0000] {taskinstance.py:441} INFO - ::group::Post task execution logs
[2024-07-09T01:36:55.515+0000] {taskinstance.py:1206} INFO - Marking task as SUCCESS. dag_id=dag_pipeline, task_id=Transformation, run_id=manual__2024-07-09T01:35:33.112151+00:00, execution_date=20240709T013533, start_date=20240709T013556, end_date=20240709T013655
[2024-07-09T01:36:55.673+0000] {local_task_job_runner.py:240} INFO - Task exited with return code 0
[2024-07-09T01:36:55.748+0000] {taskinstance.py:3503} INFO - 1 downstream tasks scheduled from follow-on schedule check
[2024-07-09T01:36:55.752+0000] {local_task_job_runner.py:222} INFO - ::endgroup::
