[2024-07-09T07:44:37.212+0000] {local_task_job_runner.py:120} INFO - ::group::Pre task execution logs
[2024-07-09T07:44:37.309+0000] {taskinstance.py:2076} INFO - Dependencies all met for dep_context=non-requeueable deps ti=<TaskInstance: dag_pipeline.Extraction manual__2024-07-09T07:44:22.167660+00:00 [queued]>
[2024-07-09T07:44:37.328+0000] {taskinstance.py:2076} INFO - Dependencies all met for dep_context=requeueable deps ti=<TaskInstance: dag_pipeline.Extraction manual__2024-07-09T07:44:22.167660+00:00 [queued]>
[2024-07-09T07:44:37.329+0000] {taskinstance.py:2306} INFO - Starting attempt 1 of 1
[2024-07-09T07:44:37.358+0000] {taskinstance.py:2330} INFO - Executing <Task(_PythonDecoratedOperator): Extraction> on 2024-07-09 07:44:22.167660+00:00
[2024-07-09T07:44:37.371+0000] {standard_task_runner.py:63} INFO - Started process 7469 to run task
[2024-07-09T07:44:37.377+0000] {standard_task_runner.py:90} INFO - Running: ['airflow', 'tasks', 'run', 'dag_pipeline', 'Extraction', 'manual__2024-07-09T07:44:22.167660+00:00', '--job-id', '17', '--raw', '--subdir', 'DAGS_FOLDER/dags.py', '--cfg-path', '/tmp/tmpcps208ob']
[2024-07-09T07:44:37.378+0000] {standard_task_runner.py:91} INFO - Job 17: Subtask Extraction
[2024-07-09T07:44:38.014+0000] {task_command.py:426} INFO - Running <TaskInstance: dag_pipeline.Extraction manual__2024-07-09T07:44:22.167660+00:00 [running]> on host 0b120bf4a72c
[2024-07-09T07:44:38.850+0000] {taskinstance.py:2648} INFO - Exporting env vars: AIRFLOW_CTX_DAG_OWNER='airflow' AIRFLOW_CTX_DAG_ID='dag_pipeline' AIRFLOW_CTX_TASK_ID='Extraction' AIRFLOW_CTX_EXECUTION_DATE='2024-07-09T07:44:22.167660+00:00' AIRFLOW_CTX_TRY_NUMBER='1' AIRFLOW_CTX_DAG_RUN_ID='manual__2024-07-09T07:44:22.167660+00:00'
[2024-07-09T07:44:38.853+0000] {taskinstance.py:430} INFO - ::endgroup::
[2024-07-09T07:44:38.855+0000] {extract.py:65} INFO - Starting news extraction process
[2024-07-09T07:44:41.573+0000] {extract.py:154} INFO - Successfully extracted article from https://bisnis.tempo.co/read/1888844/bni-investigasi-kasus-data-diri-nasabah-yang-dipakai-hrd-untuk-daftar-pinjol
[2024-07-09T07:44:42.007+0000] {extract.py:154} INFO - Successfully extracted article from https://en.tempo.co/read/1888971/bni-to-open-branch-in-sydney-eyeing-3-market-segments
[2024-07-09T07:44:42.369+0000] {extract.py:154} INFO - Successfully extracted article from https://bisnis.tempo.co/read/1888857/btn-pastikan-batal-mengakuisisi-bank-muamalat
[2024-07-09T07:44:42.795+0000] {extract.py:154} INFO - Successfully extracted article from https://bisnis.tempo.co/read/1888915/btn-bersiap-bidik-program-3-juta-rumah-prabowo-gibran
[2024-07-09T07:44:43.068+0000] {extract.py:154} INFO - Successfully extracted article from https://nasional.tempo.co/read/1889184/dpr-gelar-sidang-paripurna-hari-ini-bahas-pansus-haji-hingga-ruu-kabupatenkota
[2024-07-09T07:44:43.084+0000] {extract.py:161} INFO - News extraction process completed
[2024-07-09T07:44:43.086+0000] {python.py:237} INFO - Done. Returned value was:                                                 news
0  Iklan TEMPO.CO, Jakarta -PT Bank Negara Indone...
1  TEMPO.CO, Jakarta - PT Bank Negara Indonesia (...
2  Iklan TEMPO.CO, Jakarta - PT Bank Tabungan Neg...
3  Iklan TEMPO.CO, Jakarta - PT Bank Tabungan Neg...
4  Iklan TEMPO.CO, Jakarta - Dewan Perwakilan Rak...
[2024-07-09T07:44:43.136+0000] {taskinstance.py:441} INFO - ::group::Post task execution logs
[2024-07-09T07:44:43.642+0000] {taskinstance.py:1206} INFO - Marking task as SUCCESS. dag_id=dag_pipeline, task_id=Extraction, run_id=manual__2024-07-09T07:44:22.167660+00:00, execution_date=20240709T074422, start_date=20240709T074437, end_date=20240709T074443
[2024-07-09T07:44:43.721+0000] {local_task_job_runner.py:240} INFO - Task exited with return code 0
[2024-07-09T07:44:43.873+0000] {taskinstance.py:3503} INFO - 1 downstream tasks scheduled from follow-on schedule check
[2024-07-09T07:44:43.878+0000] {local_task_job_runner.py:222} INFO - ::endgroup::
